{"D:\\ABN\\Sample_Assignment\\dog-assignment\\src\\App.vue": {"path":"D:\\ABN\\Sample_Assignment\\dog-assignment\\src\\App.vue","statementMap":{"0":{"start":{"line":14,"column":0},"end":{"line":14,"column":null}},"1":{"start":{"line":15,"column":0},"end":{"line":15,"column":null}}},"fnMap":{},"branchMap":{},"s":{"0":1,"1":1},"f":{},"b":{}}
,"D:\\ABN\\Sample_Assignment\\dog-assignment\\src\\components\\breedList\\listAllBreed.vue": {"path":"D:\\ABN\\Sample_Assignment\\dog-assignment\\src\\components\\breedList\\listAllBreed.vue","statementMap":{"0":{"start":{"line":99,"column":0},"end":{"line":99,"column":null}},"1":{"start":{"line":103,"column":0},"end":{"line":103,"column":null}},"2":{"start":{"line":108,"column":0},"end":{"line":108,"column":null}},"3":{"start":{"line":123,"column":0},"end":{"line":123,"column":null}},"4":{"start":{"line":126,"column":0},"end":{"line":129,"column":null}},"5":{"start":{"line":127,"column":0},"end":{"line":127,"column":null}},"6":{"start":{"line":128,"column":0},"end":{"line":128,"column":null}},"7":{"start":{"line":133,"column":0},"end":{"line":136,"column":null}},"8":{"start":{"line":134,"column":0},"end":{"line":134,"column":null}},"9":{"start":{"line":135,"column":0},"end":{"line":135,"column":null}},"10":{"start":{"line":139,"column":0},"end":{"line":143,"column":null}},"11":{"start":{"line":140,"column":0},"end":{"line":142,"column":null}},"12":{"start":{"line":141,"column":0},"end":{"line":141,"column":null}},"13":{"start":{"line":144,"column":0},"end":{"line":144,"column":null}},"14":{"start":{"line":147,"column":0},"end":{"line":147,"column":null}},"15":{"start":{"line":148,"column":0},"end":{"line":148,"column":null}},"16":{"start":{"line":149,"column":0},"end":{"line":149,"column":null}},"17":{"start":{"line":152,"column":0},"end":{"line":152,"column":null}},"18":{"start":{"line":155,"column":0},"end":{"line":155,"column":null}},"19":{"start":{"line":156,"column":0},"end":{"line":156,"column":null}},"20":{"start":{"line":159,"column":0},"end":{"line":159,"column":null}},"21":{"start":{"line":160,"column":0},"end":{"line":160,"column":null}},"22":{"start":{"line":161,"column":0},"end":{"line":163,"column":null}},"23":{"start":{"line":162,"column":0},"end":{"line":162,"column":null}},"24":{"start":{"line":164,"column":0},"end":{"line":164,"column":null}},"25":{"start":{"line":165,"column":0},"end":{"line":168,"column":null}},"26":{"start":{"line":165,"column":0},"end":{"line":165,"column":null}},"27":{"start":{"line":166,"column":0},"end":{"line":166,"column":null}},"28":{"start":{"line":169,"column":0},"end":{"line":169,"column":null}},"29":{"start":{"line":172,"column":0},"end":{"line":172,"column":null}},"30":{"start":{"line":173,"column":0},"end":{"line":173,"column":null}},"31":{"start":{"line":178,"column":0},"end":{"line":178,"column":null}},"32":{"start":{"line":181,"column":0},"end":{"line":181,"column":null}}},"fnMap":{"0":{"name":"(anonymous_1)","decl":{"start":{"line":107,"column":0},"end":{"line":107,"column":null}},"loc":{"start":{"line":107,"column":0},"end":{"line":118,"column":null}}},"1":{"name":"(anonymous_2)","decl":{"start":{"line":122,"column":0},"end":{"line":122,"column":null}},"loc":{"start":{"line":122,"column":0},"end":{"line":124,"column":null}}},"2":{"name":"(anonymous_3)","decl":{"start":{"line":125,"column":0},"end":{"line":125,"column":null}},"loc":{"start":{"line":125,"column":0},"end":{"line":130,"column":null}}},"3":{"name":"(anonymous_4)","decl":{"start":{"line":126,"column":0},"end":{"line":126,"column":null}},"loc":{"start":{"line":126,"column":0},"end":{"line":129,"column":null}}},"4":{"name":"(anonymous_5)","decl":{"start":{"line":132,"column":0},"end":{"line":132,"column":null}},"loc":{"start":{"line":132,"column":0},"end":{"line":137,"column":null}}},"5":{"name":"(anonymous_6)","decl":{"start":{"line":133,"column":0},"end":{"line":133,"column":null}},"loc":{"start":{"line":133,"column":0},"end":{"line":136,"column":null}}},"6":{"name":"(anonymous_7)","decl":{"start":{"line":138,"column":0},"end":{"line":138,"column":null}},"loc":{"start":{"line":138,"column":0},"end":{"line":145,"column":null}}},"7":{"name":"(anonymous_8)","decl":{"start":{"line":140,"column":0},"end":{"line":140,"column":null}},"loc":{"start":{"line":140,"column":0},"end":{"line":142,"column":null}}},"8":{"name":"(anonymous_9)","decl":{"start":{"line":146,"column":0},"end":{"line":146,"column":null}},"loc":{"start":{"line":146,"column":0},"end":{"line":150,"column":null}}},"9":{"name":"(anonymous_10)","decl":{"start":{"line":151,"column":0},"end":{"line":151,"column":null}},"loc":{"start":{"line":151,"column":0},"end":{"line":153,"column":null}}},"10":{"name":"(anonymous_11)","decl":{"start":{"line":154,"column":0},"end":{"line":154,"column":null}},"loc":{"start":{"line":154,"column":0},"end":{"line":170,"column":null}}},"11":{"name":"(anonymous_12)","decl":{"start":{"line":171,"column":0},"end":{"line":171,"column":null}},"loc":{"start":{"line":171,"column":0},"end":{"line":174,"column":null}}},"12":{"name":"(anonymous_13)","decl":{"start":{"line":177,"column":0},"end":{"line":177,"column":null}},"loc":{"start":{"line":177,"column":0},"end":{"line":179,"column":null}}},"13":{"name":"(anonymous_14)","decl":{"start":{"line":180,"column":0},"end":{"line":180,"column":null}},"loc":{"start":{"line":180,"column":0},"end":{"line":182,"column":null}}}},"branchMap":{"0":{"loc":{"start":{"line":161,"column":0},"end":{"line":163,"column":null}},"type":"if","locations":[{"start":{"line":161,"column":0},"end":{"line":163,"column":null}},{"start":{"line":161,"column":0},"end":{"line":163,"column":null}}]}},"s":{"0":3,"1":3,"2":12,"3":12,"4":12,"5":0,"6":0,"7":12,"8":0,"9":0,"10":2,"11":2,"12":0,"13":0,"14":0,"15":0,"16":0,"17":1,"18":1,"19":1,"20":1,"21":1,"22":1,"23":0,"24":1,"25":1,"26":1,"27":1,"28":1,"29":0,"30":0,"31":0,"32":0},"f":{"0":12,"1":12,"2":12,"3":0,"4":12,"5":0,"6":2,"7":0,"8":0,"9":1,"10":1,"11":0,"12":0,"13":0},"b":{"0":[0,1]}}
,"D:\\ABN\\Sample_Assignment\\dog-assignment\\src\\components\\breedSearch\\searchBreeds.vue": {"path":"D:\\ABN\\Sample_Assignment\\dog-assignment\\src\\components\\breedSearch\\searchBreeds.vue","statementMap":{"0":{"start":{"line":80,"column":0},"end":{"line":80,"column":null}},"1":{"start":{"line":81,"column":0},"end":{"line":81,"column":null}},"2":{"start":{"line":89,"column":0},"end":{"line":89,"column":null}},"3":{"start":{"line":103,"column":0},"end":{"line":103,"column":null}},"4":{"start":{"line":107,"column":0},"end":{"line":110,"column":null}},"5":{"start":{"line":108,"column":0},"end":{"line":108,"column":null}},"6":{"start":{"line":109,"column":0},"end":{"line":109,"column":null}},"7":{"start":{"line":110,"column":0},"end":{"line":110,"column":null}},"8":{"start":{"line":113,"column":0},"end":{"line":123,"column":null}},"9":{"start":{"line":114,"column":0},"end":{"line":120,"column":null}},"10":{"start":{"line":119,"column":0},"end":{"line":119,"column":null}},"11":{"start":{"line":121,"column":0},"end":{"line":121,"column":null}},"12":{"start":{"line":122,"column":0},"end":{"line":122,"column":null}},"13":{"start":{"line":124,"column":0},"end":{"line":124,"column":null}},"14":{"start":{"line":126,"column":0},"end":{"line":126,"column":null}},"15":{"start":{"line":129,"column":0},"end":{"line":129,"column":null}},"16":{"start":{"line":132,"column":0},"end":{"line":132,"column":null}},"17":{"start":{"line":134,"column":0},"end":{"line":134,"column":null}},"18":{"start":{"line":139,"column":0},"end":{"line":139,"column":null}},"19":{"start":{"line":140,"column":0},"end":{"line":140,"column":null}},"20":{"start":{"line":145,"column":0},"end":{"line":145,"column":null}},"21":{"start":{"line":146,"column":0},"end":{"line":146,"column":null}},"22":{"start":{"line":147,"column":0},"end":{"line":147,"column":null}},"23":{"start":{"line":152,"column":0},"end":{"line":152,"column":null}},"24":{"start":{"line":153,"column":0},"end":{"line":153,"column":null}},"25":{"start":{"line":154,"column":0},"end":{"line":158,"column":null}},"26":{"start":{"line":155,"column":0},"end":{"line":157,"column":null}},"27":{"start":{"line":156,"column":0},"end":{"line":156,"column":null}},"28":{"start":{"line":159,"column":0},"end":{"line":159,"column":null}},"29":{"start":{"line":162,"column":0},"end":{"line":162,"column":null}}},"fnMap":{"0":{"name":"(anonymous_1)","decl":{"start":{"line":88,"column":0},"end":{"line":88,"column":null}},"loc":{"start":{"line":88,"column":0},"end":{"line":100,"column":null}}},"1":{"name":"(anonymous_2)","decl":{"start":{"line":102,"column":0},"end":{"line":102,"column":null}},"loc":{"start":{"line":102,"column":0},"end":{"line":104,"column":null}}},"2":{"name":"(anonymous_3)","decl":{"start":{"line":106,"column":0},"end":{"line":106,"column":null}},"loc":{"start":{"line":106,"column":0},"end":{"line":111,"column":null}}},"3":{"name":"(anonymous_4)","decl":{"start":{"line":112,"column":0},"end":{"line":112,"column":null}},"loc":{"start":{"line":112,"column":0},"end":{"line":127,"column":null}}},"4":{"name":"(anonymous_5)","decl":{"start":{"line":114,"column":0},"end":{"line":114,"column":null}},"loc":{"start":{"line":114,"column":0},"end":{"line":120,"column":null}}},"5":{"name":"(anonymous_6)","decl":{"start":{"line":128,"column":0},"end":{"line":128,"column":null}},"loc":{"start":{"line":128,"column":0},"end":{"line":130,"column":null}}},"6":{"name":"(anonymous_7)","decl":{"start":{"line":131,"column":0},"end":{"line":131,"column":null}},"loc":{"start":{"line":131,"column":0},"end":{"line":137,"column":null}}},"7":{"name":"(anonymous_8)","decl":{"start":{"line":138,"column":0},"end":{"line":138,"column":null}},"loc":{"start":{"line":138,"column":0},"end":{"line":143,"column":null}}},"8":{"name":"(anonymous_9)","decl":{"start":{"line":144,"column":0},"end":{"line":144,"column":null}},"loc":{"start":{"line":144,"column":0},"end":{"line":148,"column":null}}},"9":{"name":"(anonymous_10)","decl":{"start":{"line":151,"column":0},"end":{"line":151,"column":null}},"loc":{"start":{"line":151,"column":0},"end":{"line":160,"column":null}}},"10":{"name":"(anonymous_11)","decl":{"start":{"line":161,"column":0},"end":{"line":161,"column":null}},"loc":{"start":{"line":161,"column":0},"end":{"line":163,"column":null}}}},"branchMap":{"0":{"loc":{"start":{"line":107,"column":0},"end":{"line":110,"column":null}},"type":"if","locations":[{"start":{"line":107,"column":0},"end":{"line":110,"column":null}},{"start":{"line":107,"column":0},"end":{"line":110,"column":null}}]},"1":{"loc":{"start":{"line":113,"column":0},"end":{"line":123,"column":null}},"type":"if","locations":[{"start":{"line":113,"column":0},"end":{"line":123,"column":null}},{"start":{"line":113,"column":0},"end":{"line":123,"column":null}}]},"2":{"loc":{"start":{"line":124,"column":0},"end":{"line":124,"column":null}},"type":"if","locations":[{"start":{"line":124,"column":0},"end":{"line":124,"column":null}},{"start":{"line":124,"column":0},"end":{"line":124,"column":null}}]},"3":{"loc":{"start":{"line":134,"column":0},"end":{"line":134,"column":null}},"type":"cond-expr","locations":[{"start":{"line":134,"column":0},"end":{"line":134,"column":null}},{"start":{"line":134,"column":0},"end":{"line":134,"column":null}}]},"4":{"loc":{"start":{"line":140,"column":0},"end":{"line":140,"column":null}},"type":"cond-expr","locations":[{"start":{"line":140,"column":0},"end":{"line":140,"column":null}},{"start":{"line":140,"column":0},"end":{"line":140,"column":null}}]},"5":{"loc":{"start":{"line":155,"column":0},"end":{"line":157,"column":null}},"type":"if","locations":[{"start":{"line":155,"column":0},"end":{"line":157,"column":null}},{"start":{"line":155,"column":0},"end":{"line":157,"column":null}}]}},"s":{"0":4,"1":4,"2":16,"3":16,"4":21,"5":19,"6":19,"7":2,"8":19,"9":1,"10":0,"11":1,"12":1,"13":18,"14":18,"15":4,"16":1,"17":1,"18":1,"19":1,"20":1,"21":1,"22":1,"23":3,"24":3,"25":3,"26":0,"27":0,"28":3,"29":0},"f":{"0":16,"1":16,"2":21,"3":19,"4":0,"5":4,"6":1,"7":1,"8":1,"9":3,"10":0},"b":{"0":[19,2],"1":[1,18],"2":[0,18],"3":[1,0],"4":[1,0],"5":[0,0]}}
,"D:\\ABN\\Sample_Assignment\\dog-assignment\\src\\components\\breedSearch\\moreImages\\getMoreImages.vue": {"path":"D:\\ABN\\Sample_Assignment\\dog-assignment\\src\\components\\breedSearch\\moreImages\\getMoreImages.vue","statementMap":{"0":{"start":{"line":30,"column":0},"end":{"line":30,"column":null}},"1":{"start":{"line":34,"column":0},"end":{"line":34,"column":null}},"2":{"start":{"line":51,"column":0},"end":{"line":51,"column":null}},"3":{"start":{"line":55,"column":0},"end":{"line":57,"column":null}},"4":{"start":{"line":56,"column":0},"end":{"line":56,"column":null}},"5":{"start":{"line":58,"column":0},"end":{"line":61,"column":null}},"6":{"start":{"line":60,"column":0},"end":{"line":60,"column":null}},"7":{"start":{"line":67,"column":0},"end":{"line":67,"column":null}},"8":{"start":{"line":70,"column":0},"end":{"line":70,"column":null}}},"fnMap":{"0":{"name":"(anonymous_1)","decl":{"start":{"line":33,"column":0},"end":{"line":33,"column":null}},"loc":{"start":{"line":33,"column":0},"end":{"line":37,"column":null}}},"1":{"name":"(anonymous_2)","decl":{"start":{"line":50,"column":0},"end":{"line":50,"column":null}},"loc":{"start":{"line":50,"column":0},"end":{"line":52,"column":null}}},"2":{"name":"(anonymous_3)","decl":{"start":{"line":54,"column":0},"end":{"line":54,"column":null}},"loc":{"start":{"line":54,"column":0},"end":{"line":63,"column":null}}},"3":{"name":"(anonymous_4)","decl":{"start":{"line":58,"column":0},"end":{"line":58,"column":null}},"loc":{"start":{"line":58,"column":0},"end":{"line":61,"column":null}}},"4":{"name":"(anonymous_5)","decl":{"start":{"line":66,"column":0},"end":{"line":66,"column":null}},"loc":{"start":{"line":66,"column":0},"end":{"line":68,"column":null}}},"5":{"name":"(anonymous_6)","decl":{"start":{"line":69,"column":0},"end":{"line":69,"column":null}},"loc":{"start":{"line":69,"column":0},"end":{"line":71,"column":null}}}},"branchMap":{"0":{"loc":{"start":{"line":55,"column":0},"end":{"line":57,"column":null}},"type":"if","locations":[{"start":{"line":55,"column":0},"end":{"line":57,"column":null}},{"start":{"line":55,"column":0},"end":{"line":57,"column":null}}]}},"s":{"0":5,"1":19,"2":19,"3":26,"4":1,"5":26,"6":0,"7":1,"8":4},"f":{"0":19,"1":19,"2":26,"3":0,"4":1,"5":4},"b":{"0":[1,25]}}
,"D:\\ABN\\Sample_Assignment\\dog-assignment\\src\\router\\index.js": {"path":"D:\\ABN\\Sample_Assignment\\dog-assignment\\src\\router\\index.js","statementMap":{"0":{"start":{"line":7,"column":0},"end":{"line":7,"column":18}},"1":{"start":{"line":9,"column":17},"end":{"line":22,"column":1}},"2":{"start":{"line":24,"column":15},"end":{"line":28,"column":2}}},"fnMap":{},"branchMap":{},"s":{"0":1,"1":1,"2":1},"f":{},"b":{},"_coverageSchema":"43e27e138ebf9cfc5966b082cf9a028302ed4184","hash":"2351011ce8cd43ce831f19faf2a01bf754b279af"}
,"D:\\ABN\\Sample_Assignment\\dog-assignment\\src\\service\\index.js": {"path":"D:\\ABN\\Sample_Assignment\\dog-assignment\\src\\service\\index.js","statementMap":{"0":{"start":{"line":3,"column":16},"end":{"line":3,"column":37}},"1":{"start":{"line":5,"column":31},"end":{"line":7,"column":1}},"2":{"start":{"line":6,"column":1},"end":{"line":6,"column":48}},"3":{"start":{"line":9,"column":38},"end":{"line":18,"column":1}},"4":{"start":{"line":10,"column":1},"end":{"line":14,"column":2}},"5":{"start":{"line":11,"column":2},"end":{"line":13,"column":4}},"6":{"start":{"line":15,"column":1},"end":{"line":17,"column":3}}},"fnMap":{"0":{"name":"(anonymous_0)","decl":{"start":{"line":5,"column":31},"end":{"line":5,"column":32}},"loc":{"start":{"line":5,"column":37},"end":{"line":7,"column":1}},"line":5},"1":{"name":"(anonymous_1)","decl":{"start":{"line":9,"column":38},"end":{"line":9,"column":39}},"loc":{"start":{"line":9,"column":76},"end":{"line":18,"column":1}},"line":9}},"branchMap":{"0":{"loc":{"start":{"line":10,"column":1},"end":{"line":14,"column":2}},"type":"if","locations":[{"start":{"line":10,"column":1},"end":{"line":14,"column":2}},{"start":{"line":10,"column":1},"end":{"line":14,"column":2}}],"line":10}},"s":{"0":6,"1":6,"2":13,"3":6,"4":31,"5":4,"6":27},"f":{"0":13,"1":31},"b":{"0":[4,27]},"_coverageSchema":"43e27e138ebf9cfc5966b082cf9a028302ed4184","hash":"368da3480f31d74e705a95ae72c41f494b3299f6"}
,"D:\\ABN\\Sample_Assignment\\dog-assignment\\src\\store\\index.js": {"path":"D:\\ABN\\Sample_Assignment\\dog-assignment\\src\\store\\index.js","statementMap":{"0":{"start":{"line":4,"column":0},"end":{"line":4,"column":13}},"1":{"start":{"line":15,"column":6},"end":{"line":15,"column":33}},"2":{"start":{"line":18,"column":6},"end":{"line":18,"column":35}},"3":{"start":{"line":21,"column":6},"end":{"line":21,"column":37}},"4":{"start":{"line":25,"column":31},"end":{"line":25,"column":52}},"5":{"start":{"line":26,"column":33},"end":{"line":26,"column":56}},"6":{"start":{"line":27,"column":33},"end":{"line":27,"column":57}}},"fnMap":{"0":{"name":"(anonymous_0)","decl":{"start":{"line":14,"column":17},"end":{"line":14,"column":18}},"loc":{"start":{"line":14,"column":32},"end":{"line":16,"column":5}},"line":14},"1":{"name":"(anonymous_1)","decl":{"start":{"line":17,"column":25},"end":{"line":17,"column":26}},"loc":{"start":{"line":17,"column":39},"end":{"line":19,"column":5}},"line":17},"2":{"name":"(anonymous_2)","decl":{"start":{"line":20,"column":26},"end":{"line":20,"column":27}},"loc":{"start":{"line":20,"column":43},"end":{"line":22,"column":5}},"line":20},"3":{"name":"(anonymous_3)","decl":{"start":{"line":25,"column":21},"end":{"line":25,"column":22}},"loc":{"start":{"line":25,"column":31},"end":{"line":25,"column":52}},"line":25},"4":{"name":"(anonymous_4)","decl":{"start":{"line":26,"column":23},"end":{"line":26,"column":24}},"loc":{"start":{"line":26,"column":33},"end":{"line":26,"column":56}},"line":26},"5":{"name":"(anonymous_5)","decl":{"start":{"line":27,"column":23},"end":{"line":27,"column":24}},"loc":{"start":{"line":27,"column":33},"end":{"line":27,"column":57}},"line":27}},"branchMap":{},"s":{"0":1,"1":1,"2":1,"3":1,"4":1,"5":1,"6":1},"f":{"0":1,"1":1,"2":1,"3":1,"4":1,"5":1},"b":{},"_coverageSchema":"43e27e138ebf9cfc5966b082cf9a028302ed4184","hash":"564644ad02f1c350aec910d3386ee214b644398e"}
,"D:\\ABN\\Sample_Assignment\\dog-assignment\\src\\views\\Home.vue": {"path":"D:\\ABN\\Sample_Assignment\\dog-assignment\\src\\views\\Home.vue","statementMap":{"0":{"start":{"line":8,"column":0},"end":{"line":8,"column":null}}},"fnMap":{},"branchMap":{},"s":{"0":3},"f":{},"b":{}}
}
