{"D:\\ABN\\Sample_Assignment\\dog-assignment\\src\\App.vue": {"path":"D:\\ABN\\Sample_Assignment\\dog-assignment\\src\\App.vue","statementMap":{"0":{"start":{"line":14,"column":0},"end":{"line":14,"column":null}},"1":{"start":{"line":15,"column":0},"end":{"line":15,"column":null}}},"fnMap":{},"branchMap":{},"s":{"0":1,"1":1},"f":{},"b":{}}
,"D:\\ABN\\Sample_Assignment\\dog-assignment\\src\\components\\breedList\\listAllBreed.vue": {"path":"D:\\ABN\\Sample_Assignment\\dog-assignment\\src\\components\\breedList\\listAllBreed.vue","statementMap":{"0":{"start":{"line":99,"column":0},"end":{"line":99,"column":null}},"1":{"start":{"line":103,"column":0},"end":{"line":103,"column":null}},"2":{"start":{"line":108,"column":0},"end":{"line":108,"column":null}},"3":{"start":{"line":123,"column":0},"end":{"line":123,"column":null}},"4":{"start":{"line":124,"column":0},"end":{"line":124,"column":null}},"5":{"start":{"line":127,"column":0},"end":{"line":132,"column":null}},"6":{"start":{"line":128,"column":0},"end":{"line":128,"column":null}},"7":{"start":{"line":129,"column":0},"end":{"line":129,"column":null}},"8":{"start":{"line":131,"column":0},"end":{"line":131,"column":null}},"9":{"start":{"line":136,"column":0},"end":{"line":140,"column":null}},"10":{"start":{"line":137,"column":0},"end":{"line":137,"column":null}},"11":{"start":{"line":139,"column":0},"end":{"line":139,"column":null}},"12":{"start":{"line":143,"column":0},"end":{"line":143,"column":null}},"13":{"start":{"line":144,"column":0},"end":{"line":148,"column":null}},"14":{"start":{"line":145,"column":0},"end":{"line":147,"column":null}},"15":{"start":{"line":146,"column":0},"end":{"line":146,"column":null}},"16":{"start":{"line":149,"column":0},"end":{"line":149,"column":null}},"17":{"start":{"line":150,"column":0},"end":{"line":150,"column":null}},"18":{"start":{"line":153,"column":0},"end":{"line":153,"column":null}},"19":{"start":{"line":154,"column":0},"end":{"line":154,"column":null}},"20":{"start":{"line":155,"column":0},"end":{"line":155,"column":null}},"21":{"start":{"line":156,"column":0},"end":{"line":156,"column":null}},"22":{"start":{"line":157,"column":0},"end":{"line":157,"column":null}},"23":{"start":{"line":158,"column":0},"end":{"line":158,"column":null}},"24":{"start":{"line":161,"column":0},"end":{"line":161,"column":null}},"25":{"start":{"line":164,"column":0},"end":{"line":164,"column":null}},"26":{"start":{"line":165,"column":0},"end":{"line":165,"column":null}},"27":{"start":{"line":168,"column":0},"end":{"line":168,"column":null}},"28":{"start":{"line":169,"column":0},"end":{"line":169,"column":null}},"29":{"start":{"line":170,"column":0},"end":{"line":170,"column":null}},"30":{"start":{"line":171,"column":0},"end":{"line":173,"column":null}},"31":{"start":{"line":172,"column":0},"end":{"line":172,"column":null}},"32":{"start":{"line":174,"column":0},"end":{"line":174,"column":null}},"33":{"start":{"line":175,"column":0},"end":{"line":178,"column":null}},"34":{"start":{"line":175,"column":0},"end":{"line":175,"column":null}},"35":{"start":{"line":176,"column":0},"end":{"line":176,"column":null}},"36":{"start":{"line":179,"column":0},"end":{"line":179,"column":null}},"37":{"start":{"line":180,"column":0},"end":{"line":180,"column":null}},"38":{"start":{"line":185,"column":0},"end":{"line":185,"column":null}},"39":{"start":{"line":188,"column":0},"end":{"line":188,"column":null}}},"fnMap":{"0":{"name":"(anonymous_1)","decl":{"start":{"line":107,"column":0},"end":{"line":107,"column":null}},"loc":{"start":{"line":107,"column":0},"end":{"line":118,"column":null}}},"1":{"name":"(anonymous_2)","decl":{"start":{"line":122,"column":0},"end":{"line":122,"column":null}},"loc":{"start":{"line":122,"column":0},"end":{"line":125,"column":null}}},"2":{"name":"(anonymous_3)","decl":{"start":{"line":126,"column":0},"end":{"line":126,"column":null}},"loc":{"start":{"line":126,"column":0},"end":{"line":133,"column":null}}},"3":{"name":"(anonymous_4)","decl":{"start":{"line":127,"column":0},"end":{"line":127,"column":null}},"loc":{"start":{"line":127,"column":0},"end":{"line":132,"column":null}}},"4":{"name":"(anonymous_5)","decl":{"start":{"line":135,"column":0},"end":{"line":135,"column":null}},"loc":{"start":{"line":135,"column":0},"end":{"line":141,"column":null}}},"5":{"name":"(anonymous_6)","decl":{"start":{"line":136,"column":0},"end":{"line":136,"column":null}},"loc":{"start":{"line":136,"column":0},"end":{"line":140,"column":null}}},"6":{"name":"(anonymous_7)","decl":{"start":{"line":142,"column":0},"end":{"line":142,"column":null}},"loc":{"start":{"line":142,"column":0},"end":{"line":151,"column":null}}},"7":{"name":"(anonymous_8)","decl":{"start":{"line":145,"column":0},"end":{"line":145,"column":null}},"loc":{"start":{"line":145,"column":0},"end":{"line":147,"column":null}}},"8":{"name":"(anonymous_9)","decl":{"start":{"line":152,"column":0},"end":{"line":152,"column":null}},"loc":{"start":{"line":152,"column":0},"end":{"line":159,"column":null}}},"9":{"name":"(anonymous_10)","decl":{"start":{"line":160,"column":0},"end":{"line":160,"column":null}},"loc":{"start":{"line":160,"column":0},"end":{"line":162,"column":null}}},"10":{"name":"(anonymous_11)","decl":{"start":{"line":163,"column":0},"end":{"line":163,"column":null}},"loc":{"start":{"line":163,"column":0},"end":{"line":181,"column":null}}},"11":{"name":"(anonymous_12)","decl":{"start":{"line":184,"column":0},"end":{"line":184,"column":null}},"loc":{"start":{"line":184,"column":0},"end":{"line":186,"column":null}}},"12":{"name":"(anonymous_13)","decl":{"start":{"line":187,"column":0},"end":{"line":187,"column":null}},"loc":{"start":{"line":187,"column":0},"end":{"line":189,"column":null}}}},"branchMap":{"0":{"loc":{"start":{"line":171,"column":0},"end":{"line":173,"column":null}},"type":"if","locations":[{"start":{"line":171,"column":0},"end":{"line":173,"column":null}},{"start":{"line":171,"column":0},"end":{"line":173,"column":null}}]}},"s":{"0":3,"1":3,"2":9,"3":9,"4":9,"5":9,"6":0,"7":0,"8":0,"9":0,"10":0,"11":0,"12":0,"13":0,"14":0,"15":0,"16":0,"17":0,"18":0,"19":0,"20":0,"21":0,"22":0,"23":0,"24":0,"25":0,"26":0,"27":0,"28":0,"29":0,"30":0,"31":0,"32":0,"33":0,"34":0,"35":0,"36":0,"37":0,"38":0,"39":1},"f":{"0":9,"1":9,"2":9,"3":0,"4":0,"5":0,"6":0,"7":0,"8":0,"9":0,"10":0,"11":0,"12":1},"b":{"0":[0,0]}}
,"D:\\ABN\\Sample_Assignment\\dog-assignment\\src\\components\\breedSearch\\searchBreeds.vue": {"path":"D:\\ABN\\Sample_Assignment\\dog-assignment\\src\\components\\breedSearch\\searchBreeds.vue","statementMap":{"0":{"start":{"line":70,"column":0},"end":{"line":70,"column":null}},"1":{"start":{"line":71,"column":0},"end":{"line":71,"column":null}},"2":{"start":{"line":79,"column":0},"end":{"line":79,"column":null}},"3":{"start":{"line":93,"column":0},"end":{"line":93,"column":null}},"4":{"start":{"line":98,"column":0},"end":{"line":101,"column":null}},"5":{"start":{"line":99,"column":0},"end":{"line":99,"column":null}},"6":{"start":{"line":100,"column":0},"end":{"line":100,"column":null}},"7":{"start":{"line":101,"column":0},"end":{"line":101,"column":null}},"8":{"start":{"line":104,"column":0},"end":{"line":104,"column":null}},"9":{"start":{"line":105,"column":0},"end":{"line":117,"column":null}},"10":{"start":{"line":106,"column":0},"end":{"line":114,"column":null}},"11":{"start":{"line":111,"column":0},"end":{"line":111,"column":null}},"12":{"start":{"line":112,"column":0},"end":{"line":112,"column":null}},"13":{"start":{"line":113,"column":0},"end":{"line":113,"column":null}},"14":{"start":{"line":115,"column":0},"end":{"line":115,"column":null}},"15":{"start":{"line":116,"column":0},"end":{"line":116,"column":null}},"16":{"start":{"line":118,"column":0},"end":{"line":118,"column":null}},"17":{"start":{"line":120,"column":0},"end":{"line":120,"column":null}},"18":{"start":{"line":121,"column":0},"end":{"line":121,"column":null}},"19":{"start":{"line":124,"column":0},"end":{"line":124,"column":null}},"20":{"start":{"line":128,"column":0},"end":{"line":128,"column":null}},"21":{"start":{"line":130,"column":0},"end":{"line":130,"column":null}},"22":{"start":{"line":135,"column":0},"end":{"line":135,"column":null}},"23":{"start":{"line":136,"column":0},"end":{"line":136,"column":null}},"24":{"start":{"line":141,"column":0},"end":{"line":141,"column":null}},"25":{"start":{"line":142,"column":0},"end":{"line":142,"column":null}},"26":{"start":{"line":143,"column":0},"end":{"line":143,"column":null}},"27":{"start":{"line":160,"column":0},"end":{"line":160,"column":null}},"28":{"start":{"line":161,"column":0},"end":{"line":161,"column":null}},"29":{"start":{"line":162,"column":0},"end":{"line":173,"column":null}},"30":{"start":{"line":163,"column":0},"end":{"line":166,"column":null}},"31":{"start":{"line":164,"column":0},"end":{"line":164,"column":null}},"32":{"start":{"line":174,"column":0},"end":{"line":174,"column":null}},"33":{"start":{"line":177,"column":0},"end":{"line":177,"column":null}}},"fnMap":{"0":{"name":"(anonymous_1)","decl":{"start":{"line":78,"column":0},"end":{"line":78,"column":null}},"loc":{"start":{"line":78,"column":0},"end":{"line":90,"column":null}}},"1":{"name":"(anonymous_2)","decl":{"start":{"line":92,"column":0},"end":{"line":92,"column":null}},"loc":{"start":{"line":92,"column":0},"end":{"line":95,"column":null}}},"2":{"name":"(anonymous_3)","decl":{"start":{"line":97,"column":0},"end":{"line":97,"column":null}},"loc":{"start":{"line":97,"column":0},"end":{"line":102,"column":null}}},"3":{"name":"(anonymous_4)","decl":{"start":{"line":103,"column":0},"end":{"line":103,"column":null}},"loc":{"start":{"line":103,"column":0},"end":{"line":122,"column":null}}},"4":{"name":"(anonymous_5)","decl":{"start":{"line":106,"column":0},"end":{"line":106,"column":null}},"loc":{"start":{"line":106,"column":0},"end":{"line":114,"column":null}}},"5":{"name":"(anonymous_6)","decl":{"start":{"line":123,"column":0},"end":{"line":123,"column":null}},"loc":{"start":{"line":123,"column":0},"end":{"line":125,"column":null}}},"6":{"name":"(anonymous_7)","decl":{"start":{"line":126,"column":0},"end":{"line":126,"column":null}},"loc":{"start":{"line":126,"column":0},"end":{"line":133,"column":null}}},"7":{"name":"(anonymous_8)","decl":{"start":{"line":134,"column":0},"end":{"line":134,"column":null}},"loc":{"start":{"line":134,"column":0},"end":{"line":139,"column":null}}},"8":{"name":"(anonymous_9)","decl":{"start":{"line":140,"column":0},"end":{"line":140,"column":null}},"loc":{"start":{"line":140,"column":0},"end":{"line":156,"column":null}}},"9":{"name":"(anonymous_10)","decl":{"start":{"line":159,"column":0},"end":{"line":159,"column":null}},"loc":{"start":{"line":159,"column":0},"end":{"line":175,"column":null}}},"10":{"name":"(anonymous_11)","decl":{"start":{"line":176,"column":0},"end":{"line":176,"column":null}},"loc":{"start":{"line":176,"column":0},"end":{"line":178,"column":null}}}},"branchMap":{"0":{"loc":{"start":{"line":98,"column":0},"end":{"line":101,"column":null}},"type":"if","locations":[{"start":{"line":98,"column":0},"end":{"line":101,"column":null}},{"start":{"line":98,"column":0},"end":{"line":101,"column":null}}]},"1":{"loc":{"start":{"line":105,"column":0},"end":{"line":117,"column":null}},"type":"if","locations":[{"start":{"line":105,"column":0},"end":{"line":117,"column":null}},{"start":{"line":105,"column":0},"end":{"line":117,"column":null}}]},"2":{"loc":{"start":{"line":118,"column":0},"end":{"line":118,"column":null}},"type":"if","locations":[{"start":{"line":118,"column":0},"end":{"line":118,"column":null}},{"start":{"line":118,"column":0},"end":{"line":118,"column":null}}]},"3":{"loc":{"start":{"line":130,"column":0},"end":{"line":130,"column":null}},"type":"cond-expr","locations":[{"start":{"line":130,"column":0},"end":{"line":130,"column":null}},{"start":{"line":130,"column":0},"end":{"line":130,"column":null}}]},"4":{"loc":{"start":{"line":136,"column":0},"end":{"line":136,"column":null}},"type":"cond-expr","locations":[{"start":{"line":136,"column":0},"end":{"line":136,"column":null}},{"start":{"line":136,"column":0},"end":{"line":136,"column":null}}]},"5":{"loc":{"start":{"line":163,"column":0},"end":{"line":166,"column":null}},"type":"if","locations":[{"start":{"line":163,"column":0},"end":{"line":166,"column":null}},{"start":{"line":163,"column":0},"end":{"line":166,"column":null}}]}},"s":{"0":4,"1":4,"2":14,"3":14,"4":0,"5":0,"6":0,"7":0,"8":0,"9":0,"10":0,"11":0,"12":0,"13":0,"14":0,"15":0,"16":0,"17":0,"18":0,"19":0,"20":0,"21":0,"22":0,"23":0,"24":0,"25":0,"26":0,"27":2,"28":2,"29":2,"30":0,"31":0,"32":2,"33":0},"f":{"0":14,"1":14,"2":0,"3":0,"4":0,"5":0,"6":0,"7":0,"8":0,"9":2,"10":0},"b":{"0":[0,0],"1":[0,0],"2":[0,0],"3":[0,0],"4":[0,0],"5":[0,0]}}
,"D:\\ABN\\Sample_Assignment\\dog-assignment\\src\\components\\breedSearch\\moreImages\\getMoreImages.vue": {"path":"D:\\ABN\\Sample_Assignment\\dog-assignment\\src\\components\\breedSearch\\moreImages\\getMoreImages.vue","statementMap":{"0":{"start":{"line":30,"column":0},"end":{"line":30,"column":null}},"1":{"start":{"line":34,"column":0},"end":{"line":34,"column":null}},"2":{"start":{"line":51,"column":0},"end":{"line":51,"column":null}},"3":{"start":{"line":52,"column":0},"end":{"line":52,"column":null}},"4":{"start":{"line":56,"column":0},"end":{"line":60,"column":null}},"5":{"start":{"line":57,"column":0},"end":{"line":57,"column":null}},"6":{"start":{"line":58,"column":0},"end":{"line":58,"column":null}},"7":{"start":{"line":59,"column":0},"end":{"line":59,"column":null}},"8":{"start":{"line":61,"column":0},"end":{"line":64,"column":null}},"9":{"start":{"line":63,"column":0},"end":{"line":63,"column":null}},"10":{"start":{"line":70,"column":0},"end":{"line":70,"column":null}},"11":{"start":{"line":71,"column":0},"end":{"line":71,"column":null}},"12":{"start":{"line":74,"column":0},"end":{"line":74,"column":null}},"13":{"start":{"line":77,"column":0},"end":{"line":77,"column":null}}},"fnMap":{"0":{"name":"(anonymous_1)","decl":{"start":{"line":33,"column":0},"end":{"line":33,"column":null}},"loc":{"start":{"line":33,"column":0},"end":{"line":37,"column":null}}},"1":{"name":"(anonymous_2)","decl":{"start":{"line":50,"column":0},"end":{"line":50,"column":null}},"loc":{"start":{"line":50,"column":0},"end":{"line":53,"column":null}}},"2":{"name":"(anonymous_3)","decl":{"start":{"line":55,"column":0},"end":{"line":55,"column":null}},"loc":{"start":{"line":55,"column":0},"end":{"line":66,"column":null}}},"3":{"name":"(anonymous_4)","decl":{"start":{"line":61,"column":0},"end":{"line":61,"column":null}},"loc":{"start":{"line":61,"column":0},"end":{"line":64,"column":null}}},"4":{"name":"(anonymous_5)","decl":{"start":{"line":69,"column":0},"end":{"line":69,"column":null}},"loc":{"start":{"line":69,"column":0},"end":{"line":72,"column":null}}},"5":{"name":"(anonymous_6)","decl":{"start":{"line":73,"column":0},"end":{"line":73,"column":null}},"loc":{"start":{"line":73,"column":0},"end":{"line":75,"column":null}}},"6":{"name":"(anonymous_7)","decl":{"start":{"line":76,"column":0},"end":{"line":76,"column":null}},"loc":{"start":{"line":76,"column":0},"end":{"line":78,"column":null}}}},"branchMap":{"0":{"loc":{"start":{"line":56,"column":0},"end":{"line":60,"column":null}},"type":"if","locations":[{"start":{"line":56,"column":0},"end":{"line":60,"column":null}},{"start":{"line":56,"column":0},"end":{"line":60,"column":null}}]}},"s":{"0":5,"1":14,"2":14,"3":14,"4":0,"5":0,"6":0,"7":0,"8":0,"9":0,"10":0,"11":0,"12":0,"13":0},"f":{"0":14,"1":14,"2":0,"3":0,"4":0,"5":0,"6":0},"b":{"0":[0,0]}}
,"D:\\ABN\\Sample_Assignment\\dog-assignment\\src\\router\\index.js": {"path":"D:\\ABN\\Sample_Assignment\\dog-assignment\\src\\router\\index.js","statementMap":{"0":{"start":{"line":7,"column":0},"end":{"line":7,"column":18}},"1":{"start":{"line":9,"column":17},"end":{"line":26,"column":1}},"2":{"start":{"line":28,"column":15},"end":{"line":32,"column":2}}},"fnMap":{},"branchMap":{},"s":{"0":1,"1":1,"2":1},"f":{},"b":{},"_coverageSchema":"43e27e138ebf9cfc5966b082cf9a028302ed4184","hash":"6924efcc13917803b11edcdba3853e73dd208688"}
,"D:\\ABN\\Sample_Assignment\\dog-assignment\\src\\service\\index.js": {"path":"D:\\ABN\\Sample_Assignment\\dog-assignment\\src\\service\\index.js","statementMap":{"0":{"start":{"line":3,"column":16},"end":{"line":3,"column":37}},"1":{"start":{"line":6,"column":31},"end":{"line":8,"column":1}},"2":{"start":{"line":7,"column":4},"end":{"line":7,"column":50}},"3":{"start":{"line":14,"column":38},"end":{"line":22,"column":1}},"4":{"start":{"line":16,"column":4},"end":{"line":19,"column":5}},"5":{"start":{"line":18,"column":8},"end":{"line":18,"column":86}},"6":{"start":{"line":20,"column":4},"end":{"line":20,"column":94}}},"fnMap":{"0":{"name":"(anonymous_0)","decl":{"start":{"line":6,"column":31},"end":{"line":6,"column":32}},"loc":{"start":{"line":6,"column":37},"end":{"line":8,"column":1}},"line":6},"1":{"name":"(anonymous_1)","decl":{"start":{"line":14,"column":38},"end":{"line":14,"column":39}},"loc":{"start":{"line":14,"column":73},"end":{"line":22,"column":1}},"line":14}},"branchMap":{"0":{"loc":{"start":{"line":16,"column":4},"end":{"line":19,"column":5}},"type":"if","locations":[{"start":{"line":16,"column":4},"end":{"line":19,"column":5}},{"start":{"line":16,"column":4},"end":{"line":19,"column":5}}],"line":16}},"s":{"0":6,"1":6,"2":1,"3":6,"4":2,"5":1,"6":1},"f":{"0":1,"1":2},"b":{"0":[1,1]},"_coverageSchema":"43e27e138ebf9cfc5966b082cf9a028302ed4184","hash":"8430165eb9ed2726decc225142ebee3d3f1ff313"}
,"D:\\ABN\\Sample_Assignment\\dog-assignment\\src\\store\\index.js": {"path":"D:\\ABN\\Sample_Assignment\\dog-assignment\\src\\store\\index.js","statementMap":{"0":{"start":{"line":4,"column":0},"end":{"line":4,"column":13}},"1":{"start":{"line":15,"column":6},"end":{"line":15,"column":33}},"2":{"start":{"line":18,"column":6},"end":{"line":18,"column":35}},"3":{"start":{"line":21,"column":6},"end":{"line":21,"column":37}},"4":{"start":{"line":25,"column":31},"end":{"line":25,"column":52}},"5":{"start":{"line":26,"column":33},"end":{"line":26,"column":56}},"6":{"start":{"line":27,"column":33},"end":{"line":27,"column":57}}},"fnMap":{"0":{"name":"(anonymous_0)","decl":{"start":{"line":14,"column":17},"end":{"line":14,"column":18}},"loc":{"start":{"line":14,"column":32},"end":{"line":16,"column":5}},"line":14},"1":{"name":"(anonymous_1)","decl":{"start":{"line":17,"column":25},"end":{"line":17,"column":26}},"loc":{"start":{"line":17,"column":39},"end":{"line":19,"column":5}},"line":17},"2":{"name":"(anonymous_2)","decl":{"start":{"line":20,"column":26},"end":{"line":20,"column":27}},"loc":{"start":{"line":20,"column":43},"end":{"line":22,"column":5}},"line":20},"3":{"name":"(anonymous_3)","decl":{"start":{"line":25,"column":21},"end":{"line":25,"column":22}},"loc":{"start":{"line":25,"column":31},"end":{"line":25,"column":52}},"line":25},"4":{"name":"(anonymous_4)","decl":{"start":{"line":26,"column":23},"end":{"line":26,"column":24}},"loc":{"start":{"line":26,"column":33},"end":{"line":26,"column":56}},"line":26},"5":{"name":"(anonymous_5)","decl":{"start":{"line":27,"column":23},"end":{"line":27,"column":24}},"loc":{"start":{"line":27,"column":33},"end":{"line":27,"column":57}},"line":27}},"branchMap":{},"s":{"0":1,"1":1,"2":1,"3":1,"4":1,"5":1,"6":1},"f":{"0":1,"1":1,"2":1,"3":1,"4":1,"5":1},"b":{},"_coverageSchema":"43e27e138ebf9cfc5966b082cf9a028302ed4184","hash":"564644ad02f1c350aec910d3386ee214b644398e"}
,"D:\\ABN\\Sample_Assignment\\dog-assignment\\src\\views\\Home.vue": {"path":"D:\\ABN\\Sample_Assignment\\dog-assignment\\src\\views\\Home.vue","statementMap":{"0":{"start":{"line":8,"column":0},"end":{"line":8,"column":null}}},"fnMap":{},"branchMap":{},"s":{"0":3},"f":{},"b":{}}
}
