TN:
SF:D:\ABN\Sample_Assignment\dog-assignment\src\App.vue
FNF:0
FNH:0
DA:14,1
DA:15,1
LF:2
LH:2
BRF:0
BRH:0
end_of_record
TN:
SF:D:\ABN\Sample_Assignment\dog-assignment\src\components\breedList\listAllBreed.vue
FN:107,(anonymous_1)
FN:122,(anonymous_2)
FN:126,(anonymous_3)
FN:127,(anonymous_4)
FN:135,(anonymous_5)
FN:136,(anonymous_6)
FN:142,(anonymous_7)
FN:145,(anonymous_8)
FN:152,(anonymous_9)
FN:160,(anonymous_10)
FN:163,(anonymous_11)
FN:184,(anonymous_12)
FN:187,(anonymous_13)
FNF:13
FNH:4
FNDA:9,(anonymous_1)
FNDA:9,(anonymous_2)
FNDA:9,(anonymous_3)
FNDA:0,(anonymous_4)
FNDA:0,(anonymous_5)
FNDA:0,(anonymous_6)
FNDA:0,(anonymous_7)
FNDA:0,(anonymous_8)
FNDA:0,(anonymous_9)
FNDA:0,(anonymous_10)
FNDA:0,(anonymous_11)
FNDA:0,(anonymous_12)
FNDA:1,(anonymous_13)
DA:99,3
DA:103,3
DA:108,9
DA:123,9
DA:124,9
DA:127,9
DA:128,0
DA:129,0
DA:131,0
DA:136,0
DA:137,0
DA:139,0
DA:143,0
DA:144,0
DA:145,0
DA:146,0
DA:149,0
DA:150,0
DA:153,0
DA:154,0
DA:155,0
DA:156,0
DA:157,0
DA:158,0
DA:161,0
DA:164,0
DA:165,0
DA:168,0
DA:169,0
DA:170,0
DA:171,0
DA:172,0
DA:174,0
DA:175,0
DA:176,0
DA:179,0
DA:180,0
DA:185,0
DA:188,1
LF:39
LH:7
BRDA:171,0,0,0
BRDA:171,0,1,0
BRF:2
BRH:0
end_of_record
TN:
SF:D:\ABN\Sample_Assignment\dog-assignment\src\components\breedSearch\searchBreeds.vue
FN:78,(anonymous_1)
FN:92,(anonymous_2)
FN:97,(anonymous_3)
FN:103,(anonymous_4)
FN:106,(anonymous_5)
FN:123,(anonymous_6)
FN:126,(anonymous_7)
FN:134,(anonymous_8)
FN:140,(anonymous_9)
FN:159,(anonymous_10)
FN:176,(anonymous_11)
FNF:11
FNH:3
FNDA:14,(anonymous_1)
FNDA:14,(anonymous_2)
FNDA:0,(anonymous_3)
FNDA:0,(anonymous_4)
FNDA:0,(anonymous_5)
FNDA:0,(anonymous_6)
FNDA:0,(anonymous_7)
FNDA:0,(anonymous_8)
FNDA:0,(anonymous_9)
FNDA:2,(anonymous_10)
FNDA:0,(anonymous_11)
DA:70,4
DA:71,4
DA:79,14
DA:93,14
DA:98,0
DA:99,0
DA:100,0
DA:101,0
DA:104,0
DA:105,0
DA:106,0
DA:111,0
DA:112,0
DA:113,0
DA:115,0
DA:116,0
DA:118,0
DA:120,0
DA:121,0
DA:124,0
DA:128,0
DA:130,0
DA:135,0
DA:136,0
DA:141,0
DA:142,0
DA:143,0
DA:160,2
DA:161,2
DA:162,2
DA:163,0
DA:164,0
DA:174,2
DA:177,0
LF:34
LH:8
BRDA:98,0,0,0
BRDA:98,0,1,0
BRDA:105,1,0,0
BRDA:105,1,1,0
BRDA:118,2,0,0
BRDA:118,2,1,0
BRDA:130,3,0,0
BRDA:130,3,1,0
BRDA:136,4,0,0
BRDA:136,4,1,0
BRDA:163,5,0,0
BRDA:163,5,1,0
BRF:12
BRH:0
end_of_record
TN:
SF:D:\ABN\Sample_Assignment\dog-assignment\src\components\breedSearch\moreImages\getMoreImages.vue
FN:33,(anonymous_1)
FN:50,(anonymous_2)
FN:55,(anonymous_3)
FN:61,(anonymous_4)
FN:69,(anonymous_5)
FN:73,(anonymous_6)
FN:76,(anonymous_7)
FNF:7
FNH:2
FNDA:14,(anonymous_1)
FNDA:14,(anonymous_2)
FNDA:0,(anonymous_3)
FNDA:0,(anonymous_4)
FNDA:0,(anonymous_5)
FNDA:0,(anonymous_6)
FNDA:0,(anonymous_7)
DA:30,5
DA:34,14
DA:51,14
DA:52,14
DA:56,0
DA:57,0
DA:58,0
DA:59,0
DA:61,0
DA:63,0
DA:70,0
DA:71,0
DA:74,0
DA:77,0
LF:14
LH:4
BRDA:56,0,0,0
BRDA:56,0,1,0
BRF:2
BRH:0
end_of_record
TN:
SF:D:\ABN\Sample_Assignment\dog-assignment\src\router\index.js
FNF:0
FNH:0
DA:7,1
DA:9,1
DA:28,1
LF:3
LH:3
BRF:0
BRH:0
end_of_record
TN:
SF:D:\ABN\Sample_Assignment\dog-assignment\src\service\index.js
FN:6,(anonymous_0)
FN:14,(anonymous_1)
FNF:2
FNH:2
FNDA:1,(anonymous_0)
FNDA:2,(anonymous_1)
DA:3,6
DA:6,6
DA:7,1
DA:14,6
DA:16,2
DA:18,1
DA:20,1
LF:7
LH:7
BRDA:16,0,0,1
BRDA:16,0,1,1
BRF:2
BRH:2
end_of_record
TN:
SF:D:\ABN\Sample_Assignment\dog-assignment\src\store\index.js
FN:14,(anonymous_0)
FN:17,(anonymous_1)
FN:20,(anonymous_2)
FN:25,(anonymous_3)
FN:26,(anonymous_4)
FN:27,(anonymous_5)
FNF:6
FNH:6
FNDA:1,(anonymous_0)
FNDA:1,(anonymous_1)
FNDA:1,(anonymous_2)
FNDA:1,(anonymous_3)
FNDA:1,(anonymous_4)
FNDA:1,(anonymous_5)
DA:4,1
DA:15,1
DA:18,1
DA:21,1
DA:25,1
DA:26,1
DA:27,1
LF:7
LH:7
BRF:0
BRH:0
end_of_record
TN:
SF:D:\ABN\Sample_Assignment\dog-assignment\src\views\Home.vue
FNF:0
FNH:0
DA:8,3
LF:1
LH:1
BRF:0
BRH:0
end_of_record
