TN:
SF:D:\ABN\Sample_Assignment\dog-assignment\src\App.vue
FNF:0
FNH:0
DA:14,1
DA:15,1
LF:2
LH:2
BRF:0
BRH:0
end_of_record
TN:
SF:D:\ABN\Sample_Assignment\dog-assignment\src\components\breedList\listAllBreed.vue
FN:107,(anonymous_1)
FN:122,(anonymous_2)
FN:125,(anonymous_3)
FN:126,(anonymous_4)
FN:132,(anonymous_5)
FN:133,(anonymous_6)
FN:138,(anonymous_7)
FN:140,(anonymous_8)
FN:146,(anonymous_9)
FN:151,(anonymous_10)
FN:154,(anonymous_11)
FN:171,(anonymous_12)
FN:177,(anonymous_13)
FN:180,(anonymous_14)
FNF:14
FNH:7
FNDA:12,(anonymous_1)
FNDA:12,(anonymous_2)
FNDA:12,(anonymous_3)
FNDA:0,(anonymous_4)
FNDA:12,(anonymous_5)
FNDA:0,(anonymous_6)
FNDA:2,(anonymous_7)
FNDA:0,(anonymous_8)
FNDA:0,(anonymous_9)
FNDA:1,(anonymous_10)
FNDA:1,(anonymous_11)
FNDA:0,(anonymous_12)
FNDA:0,(anonymous_13)
FNDA:0,(anonymous_14)
DA:99,3
DA:103,3
DA:108,12
DA:123,12
DA:126,12
DA:127,0
DA:128,0
DA:133,12
DA:134,0
DA:135,0
DA:139,2
DA:140,2
DA:141,0
DA:144,0
DA:147,0
DA:148,0
DA:149,0
DA:152,1
DA:155,1
DA:156,1
DA:159,1
DA:160,1
DA:161,1
DA:162,0
DA:164,1
DA:165,1
DA:166,1
DA:169,1
DA:172,0
DA:173,0
DA:178,0
DA:181,0
LF:32
LH:18
BRDA:161,0,0,0
BRDA:161,0,1,1
BRF:2
BRH:1
end_of_record
TN:
SF:D:\ABN\Sample_Assignment\dog-assignment\src\components\breedSearch\searchBreeds.vue
FN:88,(anonymous_1)
FN:102,(anonymous_2)
FN:106,(anonymous_3)
FN:112,(anonymous_4)
FN:114,(anonymous_5)
FN:128,(anonymous_6)
FN:131,(anonymous_7)
FN:138,(anonymous_8)
FN:144,(anonymous_9)
FN:151,(anonymous_10)
FN:161,(anonymous_11)
FNF:11
FNH:9
FNDA:16,(anonymous_1)
FNDA:16,(anonymous_2)
FNDA:21,(anonymous_3)
FNDA:19,(anonymous_4)
FNDA:0,(anonymous_5)
FNDA:4,(anonymous_6)
FNDA:1,(anonymous_7)
FNDA:1,(anonymous_8)
FNDA:1,(anonymous_9)
FNDA:3,(anonymous_10)
FNDA:0,(anonymous_11)
DA:80,4
DA:81,4
DA:89,16
DA:103,16
DA:107,21
DA:108,19
DA:109,19
DA:110,2
DA:113,19
DA:114,1
DA:119,0
DA:121,1
DA:122,1
DA:124,18
DA:126,18
DA:129,4
DA:132,1
DA:134,1
DA:139,1
DA:140,1
DA:145,1
DA:146,1
DA:147,1
DA:152,3
DA:153,3
DA:154,3
DA:155,0
DA:156,0
DA:159,3
DA:162,0
LF:30
LH:26
BRDA:107,0,0,19
BRDA:107,0,1,2
BRDA:113,1,0,1
BRDA:113,1,1,18
BRDA:124,2,0,0
BRDA:124,2,1,18
BRDA:134,3,0,1
BRDA:134,3,1,0
BRDA:140,4,0,1
BRDA:140,4,1,0
BRDA:155,5,0,0
BRDA:155,5,1,0
BRF:12
BRH:7
end_of_record
TN:
SF:D:\ABN\Sample_Assignment\dog-assignment\src\components\breedSearch\moreImages\getMoreImages.vue
FN:33,(anonymous_1)
FN:50,(anonymous_2)
FN:54,(anonymous_3)
FN:58,(anonymous_4)
FN:66,(anonymous_5)
FN:69,(anonymous_6)
FNF:6
FNH:5
FNDA:19,(anonymous_1)
FNDA:19,(anonymous_2)
FNDA:26,(anonymous_3)
FNDA:0,(anonymous_4)
FNDA:1,(anonymous_5)
FNDA:4,(anonymous_6)
DA:30,5
DA:34,19
DA:51,19
DA:55,26
DA:56,1
DA:58,26
DA:60,0
DA:67,1
DA:70,4
LF:9
LH:8
BRDA:55,0,0,1
BRDA:55,0,1,25
BRF:2
BRH:2
end_of_record
TN:
SF:D:\ABN\Sample_Assignment\dog-assignment\src\router\index.js
FNF:0
FNH:0
DA:7,1
DA:9,1
DA:24,1
LF:3
LH:3
BRF:0
BRH:0
end_of_record
TN:
SF:D:\ABN\Sample_Assignment\dog-assignment\src\service\index.js
FN:5,(anonymous_0)
FN:9,(anonymous_1)
FNF:2
FNH:2
FNDA:13,(anonymous_0)
FNDA:31,(anonymous_1)
DA:3,6
DA:5,6
DA:6,13
DA:9,6
DA:10,31
DA:11,4
DA:15,27
LF:7
LH:7
BRDA:10,0,0,4
BRDA:10,0,1,27
BRF:2
BRH:2
end_of_record
TN:
SF:D:\ABN\Sample_Assignment\dog-assignment\src\store\index.js
FN:14,(anonymous_0)
FN:17,(anonymous_1)
FN:20,(anonymous_2)
FN:25,(anonymous_3)
FN:26,(anonymous_4)
FN:27,(anonymous_5)
FNF:6
FNH:6
FNDA:1,(anonymous_0)
FNDA:1,(anonymous_1)
FNDA:1,(anonymous_2)
FNDA:1,(anonymous_3)
FNDA:1,(anonymous_4)
FNDA:1,(anonymous_5)
DA:4,1
DA:15,1
DA:18,1
DA:21,1
DA:25,1
DA:26,1
DA:27,1
LF:7
LH:7
BRF:0
BRH:0
end_of_record
TN:
SF:D:\ABN\Sample_Assignment\dog-assignment\src\views\Home.vue
FNF:0
FNH:0
DA:8,3
LF:1
LH:1
BRF:0
BRH:0
end_of_record
